(---------------------------------------------------------------------)
(                                                                     )
(    NC ROUTE Log                                                     )
(                                                                     )
(    Drawing          : 08_051837b.brd                                )
(    Software Version : 17.2S033                                      )
(    Date/Time        : Fri Mar 15 19:56:17 2019                      )
(                                                                     )
(---------------------------------------------------------------------)



 Processing NC Parameters file 'nc_param.txt' ...

 NC PARAMETERS
 -------------

 FORMAT   		2.4
 MACHINE-OFFSET		x:0.00000	y:0.00000   (inch)
 FEEDRATE		1
 COORDINATES		ABSOLUTE
 OUTPUT-UNITS		ENGLISH
 TOOL-ORDER		INCREASING
 REPEAT-CODES		YES
 SUPPRESS-LEAD-ZEROES	NO
 SUPPRESS-TRAIL-ZEROES	NO
 SUPPRESS-EQUAL		NO
 TOOL-SELECT		YES
 HEADER			08_051837b
 LEADER			12
 CODE			ASCII
 SEPARATE		NO
 SEPARATE-ROUTING	NO
 OPTIMIZE_DRILLING	NO
 ENHANCED_EXCELLON	NO
 SCALE			1.000000


 WARNING(SPMHMF-326): Cannot find NC Route bit tool file 'ncroutebits.txt'
 WARNING(SPMHMF-327): ... will auto-generate bit tool file 'ncroutebits_auto.txt'.

 Auto-generating tool file 'ncroutebits_auto.txt' ...

-------------------------------------------------------------

 Program completed.

