(---------------------------------------------------------------------)
(                                                                     )
(    ARTWORK LOG                                                      )
(                                                                     )
(    Drawing          : 08_051837b.brd                                )
(    Software Version : 17.2S033                                      )
(    Date/Time        : Fri Mar 15 19:56:20 2019                      )
(                                                                     )
(---------------------------------------------------------------------)


 ---- Photoplot outline rectangle not found; using drawing extents.



Results from parameter file ...
    DEVICE-TYPE           GERBER_RS274X
    OUTPUT-UNITS          INCHES
    FILM-SIZE             3600000 2400000
    FORMAT                2.5
    ABORT-ON-ERROR        YES
    SCALE                 1
    SUPPRESS-LEAD-ZEROES  YES
    SUPPRESS-TRAIL-ZEROES NO
    SUPPRESS-EQUAL        YES
    UNDEF-APT-CONT        NO


================================================================
     PROCESSING FILM < fab1 >
     TO FILE < C:/tmp/20_051837b/worklib/02_051837b_top/physical/fab1.art > ...
================================================================

  FILM PARAMETERS :
  ---------------------------------------------------------
  Undefined line width                8.00 MIL
  Suppress shape fill on neg film     NO
  Mirror code                         NONE
  Rotate angle                        NONE
  Offset x:                           0.00
  Offset y:                           0.00
  Plot negative                       NO
  Suppress unconnected internal pads  NO
  Draw holes only                     NO

    WARNING: text composed 0 width line found at (-9520.00 -3290.00) in MIL
           ... using undefined line width of 8.00 MIL

    WARNING: 0 width line found at (-9320.00 -1040.00) in MIL
           ... using undefined line width of 8.00 MIL

    WARNING: text having Multiple 0 width lines; all will be treated the same as the first.
           ... using undefined line width of 8.00 MIL

    WARNING: Multiple 0 width lines; all will be treated the same as the first.
           ... using undefined line width of 8.00 MIL



  APERTURES USED (UNIT = IN):
  ---------------------------------------------------------
  TYPE       SIZE/NAME                   ROT   MIRROR MODE 
  ---------------------------------------------------------
  CIRCLE     0.00800                                  DARK 
  CIRCLE     0.02500                                  DARK 

     fab1 created with warnings


================================================================
     PROCESSING FILM < assy1 >
     TO FILE < C:/tmp/20_051837b/worklib/02_051837b_top/physical/assy1.art > ...
================================================================

  FILM PARAMETERS :
  ---------------------------------------------------------
  Undefined line width                8.00 MIL
  Suppress shape fill on neg film     NO
  Mirror code                         NONE
  Rotate angle                        NONE
  Offset x:                           0.00
  Offset y:                           0.00
  Plot negative                       NO
  Suppress unconnected internal pads  NO
  Draw holes only                     NO



  APERTURES USED (UNIT = IN):
  ---------------------------------------------------------
  TYPE       SIZE/NAME                   ROT   MIRROR MODE 
  ---------------------------------------------------------
  CIRCLE     0.00600                                  DARK 
  CIRCLE     0.00800                                  DARK 

     assy1 created.


================================================================
     PROCESSING FILM < l1_primary >
     TO FILE < C:/tmp/20_051837b/worklib/02_051837b_top/physical/l1_primary.art > ...
================================================================

  FILM PARAMETERS :
  ---------------------------------------------------------
  Undefined line width                8.00 MIL
  Suppress shape fill on neg film     NO
  Mirror code                         NONE
  Rotate angle                        NONE
  Offset x:                           0.00
  Offset y:                           0.00
  Plot negative                       NO
  Suppress unconnected internal pads  NO
  Draw holes only                     NO



  APERTURES USED (UNIT = IN):
  ---------------------------------------------------------
  TYPE       SIZE/NAME                   ROT   MIRROR MODE 
  ---------------------------------------------------------
  CIRCLE     0.00800                                  DARK 
  CIRCLE     0.01000                                  DARK 
  CIRCLE     0.01500                                  DARK 
  CIRCLE     0.02000                                  DARK 
  CIRCLE     0.04000                                  DARK 
  CIRCLE     0.05000                                  DARK 
  CIRCLE     0.17000                                  DARK 
  SQUARE     0.14600                     0.000 NO     DARK 
  RECTANGLE  0.01600     x 0.03200      90.000 NO     DARK 
  RECTANGLE  0.01900     x 0.02200      90.000 NO     DARK 
  RECTANGLE  0.02100     x 0.02500       0.000 NO     DARK 
  RECTANGLE  0.02100     x 0.02500      90.000 NO     DARK 
  RECTANGLE  0.02400     x 0.03500      90.000 NO     DARK 
  RECTANGLE  0.02400     x 0.04100      90.000 NO     DARK 
  RECTANGLE  0.03000     x 0.03500       0.000 NO     DARK 
  RECTANGLE  0.03000     x 0.03500      90.000 NO     DARK 
  RECTANGLE  0.03700     x 0.05300      90.000 NO     DARK 
  OBLONG     0.01200     x 0.03100       0.000 NO     DARK 
  OBLONG     0.01200     x 0.03100      90.000 NO     DARK 

     l1_primary created.


================================================================
     PROCESSING FILM < l2_secondary >
     TO FILE < C:/tmp/20_051837b/worklib/02_051837b_top/physical/l2_secondary.art > ...
================================================================

  FILM PARAMETERS :
  ---------------------------------------------------------
  Undefined line width                8.00 MIL
  Suppress shape fill on neg film     NO
  Mirror code                         NONE
  Rotate angle                        NONE
  Offset x:                           0.00
  Offset y:                           0.00
  Plot negative                       NO
  Suppress unconnected internal pads  NO
  Draw holes only                     NO



  APERTURES USED (UNIT = IN):
  ---------------------------------------------------------
  TYPE       SIZE/NAME                   ROT   MIRROR MODE 
  ---------------------------------------------------------
  CIRCLE     0.00800                                  DARK 
  CIRCLE     0.01000                                  DARK 
  CIRCLE     0.02000                                  DARK 
  CIRCLE     0.05000                                  DARK 
  CIRCLE     0.17000                                  DARK 

     l2_secondary created.


================================================================
     PROCESSING FILM < silk_prm >
     TO FILE < C:/tmp/20_051837b/worklib/02_051837b_top/physical/silk_prm.art > ...
================================================================

  FILM PARAMETERS :
  ---------------------------------------------------------
  Undefined line width                8.00 MIL
  Suppress shape fill on neg film     NO
  Mirror code                         NONE
  Rotate angle                        NONE
  Offset x:                           0.00
  Offset y:                           0.00
  Plot negative                       NO
  Suppress unconnected internal pads  NO
  Draw holes only                     NO



  APERTURES USED (UNIT = IN):
  ---------------------------------------------------------
  TYPE       SIZE/NAME                   ROT   MIRROR MODE 
  ---------------------------------------------------------
  CIRCLE     0.00600                                  DARK 
  CIRCLE     0.00800                                  DARK 
  CIRCLE     0.05000                                  DARK 

     silk_prm created.


================================================================
     PROCESSING FILM < mask_prm >
     TO FILE < C:/tmp/20_051837b/worklib/02_051837b_top/physical/mask_prm.art > ...
================================================================

  FILM PARAMETERS :
  ---------------------------------------------------------
  Undefined line width                8.00 MIL
  Suppress shape fill on neg film     NO
  Mirror code                         NONE
  Rotate angle                        NONE
  Offset x:                           0.00
  Offset y:                           0.00
  Plot negative                       NO
  Suppress unconnected internal pads  NO
  Draw holes only                     NO



  APERTURES USED (UNIT = IN):
  ---------------------------------------------------------
  TYPE       SIZE/NAME                   ROT   MIRROR MODE 
  ---------------------------------------------------------
  CIRCLE     0.00800                                  DARK 
  CIRCLE     0.02500                                  DARK 
  CIRCLE     0.04500                                  DARK 
  CIRCLE     0.05000                                  DARK 
  CIRCLE     0.14000                                  DARK 
  SQUARE     0.15000                     0.000 NO     DARK 
  RECTANGLE  0.02100     x 0.03700      90.000 NO     DARK 
  RECTANGLE  0.02400     x 0.02700      90.000 NO     DARK 
  RECTANGLE  0.02600     x 0.03000       0.000 NO     DARK 
  RECTANGLE  0.02600     x 0.03000      90.000 NO     DARK 
  RECTANGLE  0.02900     x 0.04000      90.000 NO     DARK 
  RECTANGLE  0.02900     x 0.04600      90.000 NO     DARK 
  RECTANGLE  0.03500     x 0.04000       0.000 NO     DARK 
  RECTANGLE  0.03500     x 0.04000      90.000 NO     DARK 
  RECTANGLE  0.04200     x 0.05800      90.000 NO     DARK 
  OBLONG     0.01400     x 0.03500       0.000 NO     DARK 
  OBLONG     0.01400     x 0.03500      90.000 NO     DARK 

     mask_prm created.


================================================================
     PROCESSING FILM < silk_sec >
     TO FILE < C:/tmp/20_051837b/worklib/02_051837b_top/physical/silk_sec.art > ...
================================================================

  FILM PARAMETERS :
  ---------------------------------------------------------
  Undefined line width                8.00 MIL
  Suppress shape fill on neg film     NO
  Mirror code                         NONE
  Rotate angle                        NONE
  Offset x:                           0.00
  Offset y:                           0.00
  Plot negative                       NO
  Suppress unconnected internal pads  NO
  Draw holes only                     NO



  APERTURES USED (UNIT = IN):
  ---------------------------------------------------------
  TYPE       SIZE/NAME                   ROT   MIRROR MODE 
  ---------------------------------------------------------
  CIRCLE     0.00600                                  DARK 
  CIRCLE     0.00800                                  DARK 
  CIRCLE     0.03000                                  DARK 
  CIRCLE     0.05000                                  DARK 

     silk_sec created.


================================================================
     PROCESSING FILM < mask_sec >
     TO FILE < C:/tmp/20_051837b/worklib/02_051837b_top/physical/mask_sec.art > ...
================================================================

  FILM PARAMETERS :
  ---------------------------------------------------------
  Undefined line width                8.00 MIL
  Suppress shape fill on neg film     NO
  Mirror code                         NONE
  Rotate angle                        NONE
  Offset x:                           0.00
  Offset y:                           0.00
  Plot negative                       NO
  Suppress unconnected internal pads  NO
  Draw holes only                     NO



  APERTURES USED (UNIT = IN):
  ---------------------------------------------------------
  TYPE       SIZE/NAME                   ROT   MIRROR MODE 
  ---------------------------------------------------------
  CIRCLE     0.00800                                  DARK 
  CIRCLE     0.02500                                  DARK 
  CIRCLE     0.05000                                  DARK 
  CIRCLE     0.14000                                  DARK 

     mask_sec created.


================================================================
     PROCESSING FILM < paste_prm >
     TO FILE < C:/tmp/20_051837b/worklib/02_051837b_top/physical/paste_prm.art > ...
================================================================

  FILM PARAMETERS :
  ---------------------------------------------------------
  Undefined line width                8.00 MIL
  Suppress shape fill on neg film     NO
  Mirror code                         NONE
  Rotate angle                        NONE
  Offset x:                           0.00
  Offset y:                           0.00
  Plot negative                       NO
  Suppress unconnected internal pads  NO
  Draw holes only                     NO



  APERTURES USED (UNIT = IN):
  ---------------------------------------------------------
  TYPE       SIZE/NAME                   ROT   MIRROR MODE 
  ---------------------------------------------------------
  CIRCLE     0.00800                                  DARK 
  CIRCLE     0.05000                                  DARK 
  SQUARE     0.14600                     0.000 NO     DARK 
  RECTANGLE  0.01600     x 0.03200      90.000 NO     DARK 
  RECTANGLE  0.01900     x 0.02200      90.000 NO     DARK 
  RECTANGLE  0.02100     x 0.02500       0.000 NO     DARK 
  RECTANGLE  0.02100     x 0.02500      90.000 NO     DARK 
  RECTANGLE  0.02400     x 0.03500      90.000 NO     DARK 
  RECTANGLE  0.02400     x 0.04100      90.000 NO     DARK 
  RECTANGLE  0.03000     x 0.03500       0.000 NO     DARK 
  RECTANGLE  0.03000     x 0.03500      90.000 NO     DARK 
  RECTANGLE  0.03700     x 0.05300      90.000 NO     DARK 
  OBLONG     0.01200     x 0.03100       0.000 NO     DARK 
  OBLONG     0.01200     x 0.03100      90.000 NO     DARK 

     paste_prm created.


------------------------------------------------------
 SUMMARY:
        fab1 created with warnings
        assy1 created.
        l1_primary created.
        l2_secondary created.
        silk_prm created.
        mask_prm created.
        silk_sec created.
        mask_sec created.
        paste_prm created.

 ARTWORK had warnings
