(---------------------------------------------------------------------)
(                                                                     )
(    NC DRILL Log                                                     )
(                                                                     )
(    Drawing          : 08-059358b.brd                                )
(    Software Version : 17.2S053                                      )
(    Date/Time        : Mon Nov 09 16:28:43 2020                      )
(                                                                     )
(---------------------------------------------------------------------)



 Processing NC Parameters file 'nc_param.txt' ...

 NC PARAMETERS
 -------------

 FORMAT   		3.3
 MACHINE-OFFSET		x:0.00000	y:0.00000   (mm)
 FEEDRATE		1
 COORDINATES		ABSOLUTE
 OUTPUT-UNITS		METRIC
 TOOL-ORDER		INCREASING
 REPEAT-CODES		YES
 SUPPRESS-LEAD-ZEROES	YES
 SUPPRESS-TRAIL-ZEROES	NO
 SUPPRESS-EQUAL		NO
 TOOL-SELECT		YES
 HEADER			08-059358b
 LEADER			12
 CODE			ASCII
 SEPARATE		NO
 SEPARATE-ROUTING	NO
 OPTIMIZE_DRILLING	NO
 ENHANCED_EXCELLON	YES
 SCALE			1.000000

 WARNING(SPMHMF-360): Design precision is greater than that of the drill output file data.
 WARNING(SPMHMF-361): Data rounding errors are very possible.
 WARNING(SPMHMF-368): Cannot find NC Drill tool file 'nc_tools.txt'
 WARNING(SPMHMF-369): ... will auto-generate tool file 'nc_tools_auto.txt'.


     Auto-generating tool file 'nc_tools_auto.txt' ...

           Size  Plating  Tool        + Tolerance  - Tolerance

         0.2489  P        T01            0.076200     0.076200
         0.4089  P        T02            0.076200     0.076200
         1.0211  P        T03            0.076200     0.076200
         1.1405  P        T04            0.076200     0.076200
         1.2700  P        T05            0.076200     0.076200
         1.5189  P        T06            0.076200     0.076200
         1.6510  P        T07            0.078700     0.078700
         3.2004  N        T08            0.000000     0.000000


 Drill files being output to directory 'C:/tmp/20_059358b/worklib/02_059358b_top/physical' ...



     'ncdrill-1-4.drl' created for holes connecting TOP and BOTTOM
     -------------------------------------------------------------

     Tool  Num     Size      +/- Tolerance     Plating   Quantity

     T01    1.   0.2489    0.0762/  0.0762      PLATED        243
     T02    2.   0.4089    0.0762/  0.0762      PLATED         33
     T03    3.   1.0211    0.0762/  0.0762      PLATED         20
     T04    4.   1.1405    0.0762/  0.0762      PLATED         33
     T05    5.   1.2700    0.0762/  0.0762      PLATED          3
     T06    6.   1.5189    0.0762/  0.0762      PLATED         13
     T07    7.   1.6510    0.0787/  0.0787      PLATED          4
     T08    8.   3.2004    0.0000/  0.0000  NON_PLATED          4

     ---- Total holes:                                        353

     ---- Total head travel:              17.87 feet (5.45 meters)

